<?xml version="1.0" encoding="UTF-8"?>
<!-- Generated by org.testng.reporters.JUnitReportReporter -->
<testsuite hostname="LAPTOP-DT4QU3AG" failures="0" tests="1" name="test.com.Program1Test" time="26.226" errors="0" timestamp="2023-04-12T19:45:54 IST" skipped="0">
  <testcase classname="test.com.Program1Test" name="m3Test" time="26.226"/>
  <system-out/>
</testsuite> <!-- test.com.Program1Test -->
