<?xml version="1.0" encoding="UTF-8"?>
<!-- Generated by org.testng.reporters.JUnitReportReporter -->
<testsuite hostname="LAPTOP-DT4QU3AG" failures="0" tests="1" name="test.com.ChangeStatus" time="23.001" errors="0" timestamp="2023-04-13T12:19:41 IST" skipped="0">
  <testcase classname="test.com.ChangeStatus" name="m1Test" time="23.001"/>
  <system-out/>
</testsuite> <!-- test.com.ChangeStatus -->
