<?xml version="1.0" encoding="UTF-8"?>
<!-- Generated by org.testng.reporters.JUnitReportReporter -->
<testsuite hostname="LAPTOP-DT4QU3AG" failures="0" tests="2" name="test.com.PracticeTest" time="0.016" errors="0" timestamp="2023-04-13T11:01:29 IST" skipped="0">
  <testcase classname="test.com.PracticeTest" name="m2Test" time="0.014"/>
  <system-out/>
  <testcase classname="test.com.PracticeTest" name="mainTest" time="0.002"/>
  <system-out/>
</testsuite> <!-- test.com.PracticeTest -->
