<?xml version="1.0" encoding="UTF-8"?>
<!-- Generated by org.testng.reporters.JUnitReportReporter -->
<testsuite hostname="LAPTOP-DT4QU3AG" failures="0" tests="1" name="test.com.Program1" time="23.537" errors="0" timestamp="2023-04-05T15:19:36 IST" skipped="0">
  <testcase classname="test.com.Program1" name="m3Test" time="23.537"/>
  <system-out/>
</testsuite> <!-- test.com.Program1 -->
